<?xml version="1.0" encoding="UTF-8"?>
<!-- Generated by org.testng.reporters.JUnitReportReporter -->
<testsuite name="tests.ValidateSchemes" tests="1" time="7.115" ignored="0" failures="0" timestamp="22 Apr 2017 07:02:17 GMT" skipped="0" hostname="DESKTOP-ST2MFMV" errors="0">
  <testcase name="validateSchemeForecast" time="7.115" classname="tests.ValidateSchemes"/>
</testsuite> <!-- tests.ValidateSchemes -->
