<?xml version="1.0" encoding="UTF-8"?>
<!-- Generated by org.testng.reporters.JUnitReportReporter -->
<testsuite name="restClient.Runner$RunnerA" tests="1" time="128.469" ignored="0" failures="0" timestamp="23 Apr 2017 07:17:31 GMT" skipped="0" hostname="DESKTOP-ST2MFMV" errors="0">
  <testcase name="feature" time="128.469" classname="restClient.Runner$RunnerA"/>
</testsuite> <!-- restClient.Runner$RunnerA -->
