<?xml version="1.0" encoding="UTF-8"?>
<!-- Generated by org.testng.reporters.JUnitReportReporter -->
<testsuite name="tests.ValidateSchemes" tests="6" time="7.149" ignored="0" failures="0" timestamp="21 Apr 2017 20:02:46 GMT" skipped="0" hostname="DESKTOP-ST2MFMV" errors="0">
  <testcase name="validateSchemeForecast" time="0.326" classname="tests.ValidateSchemes"/>
  <testcase name="assertStatusCodes2" time="1.250" classname="tests.ValidateSchemes"/>
  <testcase name="assertStatusCodes3" time="0.449" classname="tests.ValidateSchemes"/>
  <testcase name="assertErrorCodes" time="2.646" classname="tests.ValidateSchemes"/>
  <testcase name="assertStatusCodes1" time="1.694" classname="tests.ValidateSchemes"/>
  <testcase name="assertStatusCodes4" time="0.784" classname="tests.ValidateSchemes"/>
</testsuite> <!-- tests.ValidateSchemes -->
